{"/Users/PilyeongHeo/Documents/nuber-eats-backend/src/jwt/jwt.service.ts": {"path":"/Users/PilyeongHeo/Documents/nuber-eats-backend/src/jwt/jwt.service.ts","statementMap":{"0":{"start":{"line":1,"column":0},"end":{"line":1,"column":52}},"1":{"start":{"line":2,"column":0},"end":{"line":2,"column":36}},"2":{"start":{"line":3,"column":0},"end":{"line":3,"column":61}},"3":{"start":{"line":7,"column":0},"end":{"line":17,"column":null}},"4":{"start":{"line":9,"column":45},"end":{"line":9,"column":70}},"5":{"start":{"line":12,"column":4},"end":{"line":12,"column":61}},"6":{"start":{"line":15,"column":4},"end":{"line":15,"column":54}},"7":{"start":{"line":7,"column":13},"end":{"line":17,"column":null}},"8":{"start":{"line":7,"column":13},"end":{"line":7,"column":23}}},"fnMap":{"0":{"name":"(anonymous_4)","decl":{"start":{"line":8,"column":2},"end":{"line":8,"column":null}},"loc":{"start":{"line":9,"column":70},"end":{"line":10,"column":6}}},"1":{"name":"(anonymous_5)","decl":{"start":{"line":11,"column":2},"end":{"line":11,"column":6}},"loc":{"start":{"line":11,"column":21},"end":{"line":13,"column":3}}},"2":{"name":"(anonymous_6)","decl":{"start":{"line":14,"column":2},"end":{"line":14,"column":8}},"loc":{"start":{"line":14,"column":22},"end":{"line":16,"column":3}}}},"branchMap":{},"s":{"0":1,"1":1,"2":1,"3":1,"4":0,"5":0,"6":0,"7":1,"8":1},"f":{"0":0,"1":0,"2":0},"b":{}}
,"/Users/PilyeongHeo/Documents/nuber-eats-backend/src/mail/mail.service.ts": {"path":"/Users/PilyeongHeo/Documents/nuber-eats-backend/src/mail/mail.service.ts","statementMap":{"0":{"start":{"line":1,"column":0},"end":{"line":1,"column":22}},"1":{"start":{"line":2,"column":0},"end":{"line":2,"column":38}},"2":{"start":{"line":3,"column":0},"end":{"line":3,"column":52}},"3":{"start":{"line":4,"column":0},"end":{"line":4,"column":61}},"4":{"start":{"line":8,"column":0},"end":{"line":50,"column":null}},"5":{"start":{"line":10,"column":45},"end":{"line":10,"column":71}},"6":{"start":{"line":18,"column":17},"end":{"line":18,"column":31}},"7":{"start":{"line":19,"column":4},"end":{"line":22,"column":6}},"8":{"start":{"line":23,"column":4},"end":{"line":23,"column":46}},"9":{"start":{"line":24,"column":4},"end":{"line":24,"column":36}},"10":{"start":{"line":25,"column":4},"end":{"line":25,"column":38}},"11":{"start":{"line":26,"column":4},"end":{"line":26,"column":72}},"12":{"start":{"line":26,"column":30},"end":{"line":26,"column":70}},"13":{"start":{"line":27,"column":4},"end":{"line":41,"column":null}},"14":{"start":{"line":28,"column":6},"end":{"line":38,"column":8}},"15":{"start":{"line":40,"column":6},"end":{"line":40,"column":25}},"16":{"start":{"line":45,"column":4},"end":{"line":48,"column":7}},"17":{"start":{"line":8,"column":13},"end":{"line":50,"column":null}},"18":{"start":{"line":8,"column":13},"end":{"line":8,"column":24}}},"fnMap":{"0":{"name":"(anonymous_4)","decl":{"start":{"line":9,"column":2},"end":{"line":9,"column":null}},"loc":{"start":{"line":10,"column":71},"end":{"line":11,"column":6}}},"1":{"name":"(anonymous_5)","decl":{"start":{"line":13,"column":10},"end":{"line":13,"column":15}},"loc":{"start":{"line":16,"column":25},"end":{"line":42,"column":3}}},"2":{"name":"(anonymous_6)","decl":{"start":{"line":26,"column":22},"end":{"line":26,"column":26}},"loc":{"start":{"line":26,"column":30},"end":{"line":26,"column":70}}},"3":{"name":"(anonymous_7)","decl":{"start":{"line":44,"column":2},"end":{"line":44,"column":23}},"loc":{"start":{"line":44,"column":51},"end":{"line":49,"column":3}}}},"branchMap":{},"s":{"0":1,"1":1,"2":1,"3":1,"4":1,"5":0,"6":0,"7":0,"8":0,"9":0,"10":0,"11":0,"12":0,"13":0,"14":0,"15":0,"16":0,"17":1,"18":1},"f":{"0":0,"1":0,"2":0,"3":0},"b":{}}
,"/Users/PilyeongHeo/Documents/nuber-eats-backend/src/users/users.service.ts": {"path":"/Users/PilyeongHeo/Documents/nuber-eats-backend/src/users/users.service.ts","statementMap":{"0":{"start":{"line":1,"column":0},"end":{"line":1,"column":44}},"1":{"start":{"line":2,"column":0},"end":{"line":2,"column":51}},"2":{"start":{"line":3,"column":0},"end":{"line":3,"column":37}},"3":{"start":{"line":9,"column":0},"end":{"line":9,"column":46}},"4":{"start":{"line":10,"column":0},"end":{"line":10,"column":49}},"5":{"start":{"line":12,"column":0},"end":{"line":12,"column":62}},"6":{"start":{"line":15,"column":0},"end":{"line":15,"column":52}},"7":{"start":{"line":18,"column":0},"end":{"line":128,"column":null}},"8":{"start":{"line":21,"column":21},"end":{"line":21,"column":28}},"9":{"start":{"line":23,"column":21},"end":{"line":23,"column":35}},"10":{"start":{"line":24,"column":21},"end":{"line":24,"column":33}},"11":{"start":{"line":25,"column":21},"end":{"line":25,"column":34}},"12":{"start":{"line":33,"column":4},"end":{"line":51,"column":null}},"13":{"start":{"line":34,"column":21},"end":{"line":34,"column":56}},"14":{"start":{"line":35,"column":6},"end":{"line":37,"column":null}},"15":{"start":{"line":36,"column":8},"end":{"line":36,"column":79}},"16":{"start":{"line":38,"column":19},"end":{"line":39,"column":null}},"17":{"start":{"line":41,"column":27},"end":{"line":44,"column":null}},"18":{"start":{"line":46,"column":6},"end":{"line":46,"column":76}},"19":{"start":{"line":47,"column":6},"end":{"line":47,"column":26}},"20":{"start":{"line":49,"column":6},"end":{"line":49,"column":27}},"21":{"start":{"line":50,"column":6},"end":{"line":50,"column":59}},"22":{"start":{"line":55,"column":4},"end":{"line":72,"column":null}},"23":{"start":{"line":56,"column":19},"end":{"line":58,"column":null}},"24":{"start":{"line":60,"column":6},"end":{"line":62,"column":null}},"25":{"start":{"line":61,"column":8},"end":{"line":61,"column":54}},"26":{"start":{"line":63,"column":30},"end":{"line":63,"column":64}},"27":{"start":{"line":64,"column":6},"end":{"line":66,"column":null}},"28":{"start":{"line":65,"column":8},"end":{"line":65,"column":54}},"29":{"start":{"line":67,"column":20},"end":{"line":67,"column":49}},"30":{"start":{"line":68,"column":6},"end":{"line":68,"column":33}},"31":{"start":{"line":70,"column":6},"end":{"line":70,"column":27}},"32":{"start":{"line":71,"column":6},"end":{"line":71,"column":34}},"33":{"start":{"line":76,"column":4},"end":{"line":84,"column":null}},"34":{"start":{"line":77,"column":19},"end":{"line":77,"column":51}},"35":{"start":{"line":78,"column":6},"end":{"line":80,"column":null}},"36":{"start":{"line":79,"column":8},"end":{"line":79,"column":null}},"37":{"start":{"line":82,"column":6},"end":{"line":82,"column":27}},"38":{"start":{"line":83,"column":6},"end":{"line":83,"column":null}},"39":{"start":{"line":91,"column":4},"end":{"line":107,"column":null}},"40":{"start":{"line":92,"column":19},"end":{"line":92,"column":51}},"41":{"start":{"line":93,"column":6},"end":{"line":98,"column":null}},"42":{"start":{"line":94,"column":8},"end":{"line":94,"column":27}},"43":{"start":{"line":95,"column":8},"end":{"line":95,"column":30}},"44":{"start":{"line":96,"column":29},"end":{"line":96,"column":93}},"45":{"start":{"line":97,"column":8},"end":{"line":97,"column":78}},"46":{"start":{"line":99,"column":6},"end":{"line":101,"column":null}},"47":{"start":{"line":100,"column":8},"end":{"line":100,"column":33}},"48":{"start":{"line":102,"column":6},"end":{"line":102,"column":34}},"49":{"start":{"line":103,"column":6},"end":{"line":103,"column":null}},"50":{"start":{"line":105,"column":6},"end":{"line":105,"column":27}},"51":{"start":{"line":106,"column":6},"end":{"line":106,"column":34}},"52":{"start":{"line":111,"column":4},"end":{"line":126,"column":null}},"53":{"start":{"line":112,"column":27},"end":{"line":114,"column":null}},"54":{"start":{"line":116,"column":6},"end":{"line":121,"column":null}},"55":{"start":{"line":117,"column":8},"end":{"line":117,"column":42}},"56":{"start":{"line":118,"column":8},"end":{"line":118,"column":49}},"57":{"start":{"line":119,"column":8},"end":{"line":119,"column":56}},"58":{"start":{"line":120,"column":8},"end":{"line":120,"column":28}},"59":{"start":{"line":122,"column":6},"end":{"line":122,"column":67}},"60":{"start":{"line":124,"column":6},"end":{"line":124,"column":27}},"61":{"start":{"line":125,"column":6},"end":{"line":125,"column":34}},"62":{"start":{"line":18,"column":13},"end":{"line":128,"column":null}},"63":{"start":{"line":18,"column":13},"end":{"line":18,"column":24}}},"fnMap":{"0":{"name":"(anonymous_4)","decl":{"start":{"line":19,"column":2},"end":{"line":19,"column":null}},"loc":{"start":{"line":25,"column":45},"end":{"line":26,"column":6}}},"1":{"name":"(anonymous_5)","decl":{"start":{"line":28,"column":2},"end":{"line":28,"column":7}},"loc":{"start":{"line":32,"column":23},"end":{"line":52,"column":3}}},"2":{"name":"(anonymous_6)","decl":{"start":{"line":54,"column":2},"end":{"line":54,"column":7}},"loc":{"start":{"line":54,"column":45},"end":{"line":73,"column":3}}},"3":{"name":"(anonymous_7)","decl":{"start":{"line":75,"column":2},"end":{"line":75,"column":7}},"loc":{"start":{"line":75,"column":27},"end":{"line":85,"column":3}}},"4":{"name":"(anonymous_8)","decl":{"start":{"line":87,"column":2},"end":{"line":87,"column":7}},"loc":{"start":{"line":89,"column":41},"end":{"line":108,"column":3}}},"5":{"name":"(anonymous_9)","decl":{"start":{"line":110,"column":2},"end":{"line":110,"column":7}},"loc":{"start":{"line":110,"column":32},"end":{"line":127,"column":3}}}},"branchMap":{"0":{"loc":{"start":{"line":35,"column":6},"end":{"line":37,"column":null}},"type":"if","locations":[{"start":{"line":35,"column":6},"end":{"line":37,"column":null}},{"start":{"line":35,"column":6},"end":{"line":37,"column":null}}]},"1":{"loc":{"start":{"line":60,"column":6},"end":{"line":62,"column":null}},"type":"if","locations":[{"start":{"line":60,"column":6},"end":{"line":62,"column":null}},{"start":{"line":60,"column":6},"end":{"line":62,"column":null}}]},"2":{"loc":{"start":{"line":64,"column":6},"end":{"line":66,"column":null}},"type":"if","locations":[{"start":{"line":64,"column":6},"end":{"line":66,"column":null}},{"start":{"line":64,"column":6},"end":{"line":66,"column":null}}]},"3":{"loc":{"start":{"line":78,"column":6},"end":{"line":80,"column":null}},"type":"if","locations":[{"start":{"line":78,"column":6},"end":{"line":80,"column":null}},{"start":{"line":78,"column":6},"end":{"line":80,"column":null}}]},"4":{"loc":{"start":{"line":93,"column":6},"end":{"line":98,"column":null}},"type":"if","locations":[{"start":{"line":93,"column":6},"end":{"line":98,"column":null}},{"start":{"line":93,"column":6},"end":{"line":98,"column":null}}]},"5":{"loc":{"start":{"line":99,"column":6},"end":{"line":101,"column":null}},"type":"if","locations":[{"start":{"line":99,"column":6},"end":{"line":101,"column":null}},{"start":{"line":99,"column":6},"end":{"line":101,"column":null}}]},"6":{"loc":{"start":{"line":116,"column":6},"end":{"line":121,"column":null}},"type":"if","locations":[{"start":{"line":116,"column":6},"end":{"line":121,"column":null}},{"start":{"line":116,"column":6},"end":{"line":121,"column":null}}]}},"s":{"0":1,"1":1,"2":1,"3":1,"4":1,"5":1,"6":1,"7":1,"8":1,"9":1,"10":1,"11":1,"12":1,"13":1,"14":1,"15":1,"16":0,"17":0,"18":0,"19":0,"20":0,"21":0,"22":0,"23":0,"24":0,"25":0,"26":0,"27":0,"28":0,"29":0,"30":0,"31":0,"32":0,"33":0,"34":0,"35":0,"36":0,"37":0,"38":0,"39":0,"40":0,"41":0,"42":0,"43":0,"44":0,"45":0,"46":0,"47":0,"48":0,"49":0,"50":0,"51":0,"52":0,"53":0,"54":0,"55":0,"56":0,"57":0,"58":0,"59":0,"60":0,"61":0,"62":1,"63":1},"f":{"0":1,"1":1,"2":0,"3":0,"4":0,"5":0},"b":{"0":[1,0],"1":[0,0],"2":[0,0],"3":[0,0],"4":[0,0],"5":[0,0],"6":[0,0]}}
}
