{"/Users/PilyeongHeo/Documents/nuber-eats-backend/src/jwt/jwt.service.ts": {"path":"/Users/PilyeongHeo/Documents/nuber-eats-backend/src/jwt/jwt.service.ts","statementMap":{"0":{"start":{"line":1,"column":0},"end":{"line":1,"column":52}},"1":{"start":{"line":2,"column":0},"end":{"line":2,"column":36}},"2":{"start":{"line":3,"column":0},"end":{"line":3,"column":61}},"3":{"start":{"line":7,"column":0},"end":{"line":17,"column":null}},"4":{"start":{"line":9,"column":45},"end":{"line":9,"column":70}},"5":{"start":{"line":12,"column":4},"end":{"line":12,"column":61}},"6":{"start":{"line":15,"column":4},"end":{"line":15,"column":54}},"7":{"start":{"line":7,"column":13},"end":{"line":17,"column":null}},"8":{"start":{"line":7,"column":13},"end":{"line":7,"column":23}}},"fnMap":{"0":{"name":"(anonymous_4)","decl":{"start":{"line":8,"column":2},"end":{"line":8,"column":null}},"loc":{"start":{"line":9,"column":70},"end":{"line":10,"column":6}}},"1":{"name":"(anonymous_5)","decl":{"start":{"line":11,"column":2},"end":{"line":11,"column":6}},"loc":{"start":{"line":11,"column":21},"end":{"line":13,"column":3}}},"2":{"name":"(anonymous_6)","decl":{"start":{"line":14,"column":2},"end":{"line":14,"column":8}},"loc":{"start":{"line":14,"column":22},"end":{"line":16,"column":3}}}},"branchMap":{},"s":{"0":2,"1":2,"2":2,"3":2,"4":3,"5":2,"6":1,"7":2,"8":2},"f":{"0":3,"1":2,"2":1},"b":{}}
,"/Users/PilyeongHeo/Documents/nuber-eats-backend/src/mail/mail.service.ts": {"path":"/Users/PilyeongHeo/Documents/nuber-eats-backend/src/mail/mail.service.ts","statementMap":{"0":{"start":{"line":1,"column":0},"end":{"line":1,"column":22}},"1":{"start":{"line":2,"column":0},"end":{"line":2,"column":38}},"2":{"start":{"line":3,"column":0},"end":{"line":3,"column":52}},"3":{"start":{"line":4,"column":0},"end":{"line":4,"column":61}},"4":{"start":{"line":8,"column":0},"end":{"line":51,"column":null}},"5":{"start":{"line":10,"column":45},"end":{"line":10,"column":71}},"6":{"start":{"line":18,"column":17},"end":{"line":18,"column":31}},"7":{"start":{"line":19,"column":4},"end":{"line":22,"column":6}},"8":{"start":{"line":23,"column":4},"end":{"line":23,"column":46}},"9":{"start":{"line":24,"column":4},"end":{"line":24,"column":36}},"10":{"start":{"line":25,"column":4},"end":{"line":25,"column":38}},"11":{"start":{"line":26,"column":4},"end":{"line":26,"column":72}},"12":{"start":{"line":26,"column":30},"end":{"line":26,"column":70}},"13":{"start":{"line":27,"column":4},"end":{"line":42,"column":null}},"14":{"start":{"line":28,"column":6},"end":{"line":38,"column":8}},"15":{"start":{"line":39,"column":6},"end":{"line":39,"column":18}},"16":{"start":{"line":41,"column":6},"end":{"line":41,"column":19}},"17":{"start":{"line":46,"column":4},"end":{"line":49,"column":7}},"18":{"start":{"line":8,"column":13},"end":{"line":51,"column":null}},"19":{"start":{"line":8,"column":13},"end":{"line":8,"column":24}}},"fnMap":{"0":{"name":"(anonymous_4)","decl":{"start":{"line":9,"column":2},"end":{"line":9,"column":null}},"loc":{"start":{"line":10,"column":71},"end":{"line":11,"column":6}}},"1":{"name":"(anonymous_5)","decl":{"start":{"line":13,"column":2},"end":{"line":13,"column":7}},"loc":{"start":{"line":16,"column":25},"end":{"line":43,"column":3}}},"2":{"name":"(anonymous_6)","decl":{"start":{"line":26,"column":22},"end":{"line":26,"column":26}},"loc":{"start":{"line":26,"column":30},"end":{"line":26,"column":70}}},"3":{"name":"(anonymous_7)","decl":{"start":{"line":45,"column":2},"end":{"line":45,"column":23}},"loc":{"start":{"line":45,"column":51},"end":{"line":50,"column":3}}}},"branchMap":{},"s":{"0":2,"1":2,"2":2,"3":2,"4":2,"5":4,"6":2,"7":2,"8":2,"9":2,"10":2,"11":2,"12":0,"13":2,"14":2,"15":1,"16":1,"17":1,"18":2,"19":2},"f":{"0":4,"1":2,"2":0,"3":1},"b":{}}
,"/Users/PilyeongHeo/Documents/nuber-eats-backend/src/users/users.service.ts": {"path":"/Users/PilyeongHeo/Documents/nuber-eats-backend/src/users/users.service.ts","statementMap":{"0":{"start":{"line":1,"column":0},"end":{"line":1,"column":44}},"1":{"start":{"line":2,"column":0},"end":{"line":2,"column":51}},"2":{"start":{"line":3,"column":0},"end":{"line":3,"column":37}},"3":{"start":{"line":9,"column":0},"end":{"line":9,"column":46}},"4":{"start":{"line":10,"column":0},"end":{"line":10,"column":49}},"5":{"start":{"line":12,"column":0},"end":{"line":12,"column":62}},"6":{"start":{"line":15,"column":0},"end":{"line":15,"column":52}},"7":{"start":{"line":18,"column":0},"end":{"line":127,"column":null}},"8":{"start":{"line":21,"column":21},"end":{"line":21,"column":28}},"9":{"start":{"line":23,"column":21},"end":{"line":23,"column":35}},"10":{"start":{"line":24,"column":21},"end":{"line":24,"column":33}},"11":{"start":{"line":25,"column":21},"end":{"line":25,"column":34}},"12":{"start":{"line":33,"column":4},"end":{"line":50,"column":null}},"13":{"start":{"line":34,"column":21},"end":{"line":34,"column":56}},"14":{"start":{"line":35,"column":6},"end":{"line":37,"column":null}},"15":{"start":{"line":36,"column":8},"end":{"line":36,"column":79}},"16":{"start":{"line":38,"column":19},"end":{"line":39,"column":null}},"17":{"start":{"line":41,"column":27},"end":{"line":44,"column":null}},"18":{"start":{"line":46,"column":6},"end":{"line":46,"column":76}},"19":{"start":{"line":47,"column":6},"end":{"line":47,"column":26}},"20":{"start":{"line":49,"column":6},"end":{"line":49,"column":59}},"21":{"start":{"line":54,"column":4},"end":{"line":70,"column":null}},"22":{"start":{"line":55,"column":19},"end":{"line":57,"column":null}},"23":{"start":{"line":59,"column":6},"end":{"line":61,"column":null}},"24":{"start":{"line":60,"column":8},"end":{"line":60,"column":54}},"25":{"start":{"line":62,"column":30},"end":{"line":62,"column":64}},"26":{"start":{"line":63,"column":6},"end":{"line":65,"column":null}},"27":{"start":{"line":64,"column":8},"end":{"line":64,"column":54}},"28":{"start":{"line":66,"column":20},"end":{"line":66,"column":49}},"29":{"start":{"line":67,"column":6},"end":{"line":67,"column":33}},"30":{"start":{"line":69,"column":6},"end":{"line":69,"column":34}},"31":{"start":{"line":74,"column":4},"end":{"line":83,"column":null}},"32":{"start":{"line":75,"column":19},"end":{"line":75,"column":51}},"33":{"start":{"line":77,"column":6},"end":{"line":79,"column":null}},"34":{"start":{"line":78,"column":8},"end":{"line":78,"column":null}},"35":{"start":{"line":80,"column":6},"end":{"line":80,"column":null}},"36":{"start":{"line":82,"column":6},"end":{"line":82,"column":null}},"37":{"start":{"line":90,"column":4},"end":{"line":106,"column":null}},"38":{"start":{"line":91,"column":19},"end":{"line":91,"column":51}},"39":{"start":{"line":92,"column":6},"end":{"line":97,"column":null}},"40":{"start":{"line":93,"column":8},"end":{"line":93,"column":27}},"41":{"start":{"line":94,"column":8},"end":{"line":94,"column":30}},"42":{"start":{"line":95,"column":29},"end":{"line":95,"column":93}},"43":{"start":{"line":96,"column":8},"end":{"line":96,"column":78}},"44":{"start":{"line":98,"column":6},"end":{"line":100,"column":null}},"45":{"start":{"line":99,"column":8},"end":{"line":99,"column":33}},"46":{"start":{"line":101,"column":6},"end":{"line":101,"column":34}},"47":{"start":{"line":102,"column":6},"end":{"line":102,"column":null}},"48":{"start":{"line":104,"column":6},"end":{"line":104,"column":27}},"49":{"start":{"line":105,"column":6},"end":{"line":105,"column":34}},"50":{"start":{"line":110,"column":4},"end":{"line":125,"column":null}},"51":{"start":{"line":111,"column":27},"end":{"line":113,"column":null}},"52":{"start":{"line":115,"column":6},"end":{"line":120,"column":null}},"53":{"start":{"line":116,"column":8},"end":{"line":116,"column":42}},"54":{"start":{"line":117,"column":8},"end":{"line":117,"column":49}},"55":{"start":{"line":118,"column":8},"end":{"line":118,"column":56}},"56":{"start":{"line":119,"column":8},"end":{"line":119,"column":28}},"57":{"start":{"line":121,"column":6},"end":{"line":121,"column":67}},"58":{"start":{"line":123,"column":6},"end":{"line":123,"column":27}},"59":{"start":{"line":124,"column":6},"end":{"line":124,"column":60}},"60":{"start":{"line":18,"column":13},"end":{"line":127,"column":null}},"61":{"start":{"line":18,"column":13},"end":{"line":18,"column":24}}},"fnMap":{"0":{"name":"(anonymous_4)","decl":{"start":{"line":19,"column":2},"end":{"line":19,"column":null}},"loc":{"start":{"line":25,"column":45},"end":{"line":26,"column":6}}},"1":{"name":"(anonymous_5)","decl":{"start":{"line":28,"column":2},"end":{"line":28,"column":7}},"loc":{"start":{"line":32,"column":23},"end":{"line":51,"column":3}}},"2":{"name":"(anonymous_6)","decl":{"start":{"line":53,"column":2},"end":{"line":53,"column":7}},"loc":{"start":{"line":53,"column":45},"end":{"line":71,"column":3}}},"3":{"name":"(anonymous_7)","decl":{"start":{"line":73,"column":2},"end":{"line":73,"column":7}},"loc":{"start":{"line":73,"column":27},"end":{"line":84,"column":3}}},"4":{"name":"(anonymous_8)","decl":{"start":{"line":86,"column":2},"end":{"line":86,"column":7}},"loc":{"start":{"line":88,"column":41},"end":{"line":107,"column":3}}},"5":{"name":"(anonymous_9)","decl":{"start":{"line":109,"column":2},"end":{"line":109,"column":7}},"loc":{"start":{"line":109,"column":32},"end":{"line":126,"column":3}}}},"branchMap":{"0":{"loc":{"start":{"line":35,"column":6},"end":{"line":37,"column":null}},"type":"if","locations":[{"start":{"line":35,"column":6},"end":{"line":37,"column":null}},{"start":{"line":35,"column":6},"end":{"line":37,"column":null}}]},"1":{"loc":{"start":{"line":59,"column":6},"end":{"line":61,"column":null}},"type":"if","locations":[{"start":{"line":59,"column":6},"end":{"line":61,"column":null}},{"start":{"line":59,"column":6},"end":{"line":61,"column":null}}]},"2":{"loc":{"start":{"line":63,"column":6},"end":{"line":65,"column":null}},"type":"if","locations":[{"start":{"line":63,"column":6},"end":{"line":65,"column":null}},{"start":{"line":63,"column":6},"end":{"line":65,"column":null}}]},"3":{"loc":{"start":{"line":77,"column":6},"end":{"line":79,"column":null}},"type":"if","locations":[{"start":{"line":77,"column":6},"end":{"line":79,"column":null}},{"start":{"line":77,"column":6},"end":{"line":79,"column":null}}]},"4":{"loc":{"start":{"line":92,"column":6},"end":{"line":97,"column":null}},"type":"if","locations":[{"start":{"line":92,"column":6},"end":{"line":97,"column":null}},{"start":{"line":92,"column":6},"end":{"line":97,"column":null}}]},"5":{"loc":{"start":{"line":98,"column":6},"end":{"line":100,"column":null}},"type":"if","locations":[{"start":{"line":98,"column":6},"end":{"line":100,"column":null}},{"start":{"line":98,"column":6},"end":{"line":100,"column":null}}]},"6":{"loc":{"start":{"line":115,"column":6},"end":{"line":120,"column":null}},"type":"if","locations":[{"start":{"line":115,"column":6},"end":{"line":120,"column":null}},{"start":{"line":115,"column":6},"end":{"line":120,"column":null}}]}},"s":{"0":1,"1":1,"2":1,"3":1,"4":1,"5":1,"6":1,"7":1,"8":17,"9":17,"10":17,"11":17,"12":3,"13":3,"14":2,"15":1,"16":1,"17":1,"18":1,"19":1,"20":1,"21":4,"22":4,"23":3,"24":1,"25":2,"26":2,"27":1,"28":1,"29":1,"30":1,"31":3,"32":3,"33":2,"34":1,"35":1,"36":1,"37":3,"38":3,"39":2,"40":1,"41":1,"42":1,"43":1,"44":2,"45":1,"46":2,"47":2,"48":1,"49":1,"50":3,"51":3,"52":2,"53":1,"54":1,"55":1,"56":1,"57":1,"58":1,"59":1,"60":1,"61":1},"f":{"0":17,"1":3,"2":4,"3":3,"4":3,"5":3},"b":{"0":[1,1],"1":[1,2],"2":[1,1],"3":[1,1],"4":[1,1],"5":[1,1],"6":[1,1]}}
}
