TN:
SF:src/jwt/jwt.service.ts
FN:8,(anonymous_4)
FN:11,(anonymous_5)
FN:14,(anonymous_6)
FNF:3
FNH:3
FNDA:3,(anonymous_4)
FNDA:2,(anonymous_5)
FNDA:1,(anonymous_6)
DA:1,2
DA:2,2
DA:3,2
DA:7,2
DA:9,3
DA:12,2
DA:15,1
LF:7
LH:7
BRF:0
BRH:0
end_of_record
TN:
SF:src/mail/mail.service.ts
FN:9,(anonymous_4)
FN:13,(anonymous_5)
FN:26,(anonymous_6)
FN:45,(anonymous_7)
FNF:4
FNH:3
FNDA:4,(anonymous_4)
FNDA:2,(anonymous_5)
FNDA:0,(anonymous_6)
FNDA:1,(anonymous_7)
DA:1,2
DA:2,2
DA:3,2
DA:4,2
DA:8,2
DA:10,4
DA:18,2
DA:19,2
DA:23,2
DA:24,2
DA:25,2
DA:26,2
DA:27,2
DA:28,2
DA:39,1
DA:41,1
DA:46,1
LF:17
LH:17
BRF:0
BRH:0
end_of_record
TN:
SF:src/users/users.service.ts
FN:19,(anonymous_4)
FN:28,(anonymous_5)
FN:53,(anonymous_6)
FN:73,(anonymous_7)
FN:86,(anonymous_8)
FN:109,(anonymous_9)
FNF:6
FNH:6
FNDA:17,(anonymous_4)
FNDA:3,(anonymous_5)
FNDA:4,(anonymous_6)
FNDA:3,(anonymous_7)
FNDA:3,(anonymous_8)
FNDA:3,(anonymous_9)
DA:1,1
DA:2,1
DA:3,1
DA:9,1
DA:10,1
DA:12,1
DA:15,1
DA:18,1
DA:21,17
DA:23,17
DA:24,17
DA:25,17
DA:33,3
DA:34,3
DA:35,2
DA:36,1
DA:38,1
DA:41,1
DA:46,1
DA:47,1
DA:49,1
DA:54,4
DA:55,4
DA:59,3
DA:60,1
DA:62,2
DA:63,2
DA:64,1
DA:66,1
DA:67,1
DA:69,1
DA:74,3
DA:75,3
DA:77,2
DA:78,1
DA:80,1
DA:82,1
DA:90,3
DA:91,3
DA:92,2
DA:93,1
DA:94,1
DA:95,1
DA:96,1
DA:98,2
DA:99,1
DA:101,2
DA:102,2
DA:104,1
DA:105,1
DA:110,3
DA:111,3
DA:115,2
DA:116,1
DA:117,1
DA:118,1
DA:119,1
DA:121,1
DA:123,1
DA:124,1
LF:60
LH:60
BRDA:35,0,0,1
BRDA:35,0,1,1
BRDA:59,1,0,1
BRDA:59,1,1,2
BRDA:63,2,0,1
BRDA:63,2,1,1
BRDA:77,3,0,1
BRDA:77,3,1,1
BRDA:92,4,0,1
BRDA:92,4,1,1
BRDA:98,5,0,1
BRDA:98,5,1,1
BRDA:115,6,0,1
BRDA:115,6,1,1
BRF:14
BRH:14
end_of_record
